[debug] [2020-02-21T22:59:22.850Z] ----------------------------------------------------------------------
[debug] [2020-02-21T22:59:22.853Z] Command:       C:\Program Files\nodejs\node.exe C:\Users\Ishhh\AppData\Roaming\npm\node_modules\firebase-tools\lib\bin\firebase.js init
[debug] [2020-02-21T22:59:22.854Z] CLI Version:   7.13.1
[debug] [2020-02-21T22:59:22.854Z] Platform:      win32
[debug] [2020-02-21T22:59:22.854Z] Node Version:  v12.14.0
[debug] [2020-02-21T22:59:22.857Z] Time:          Fri Feb 21 2020 23:59:22 GMT+0100 (Central European Standard Time)
[debug] [2020-02-21T22:59:22.857Z] ----------------------------------------------------------------------
[debug] [2020-02-21T22:59:22.857Z] 
[debug] [2020-02-21T22:59:22.871Z] > command requires scopes: ["email","openid","https://www.googleapis.com/auth/cloudplatformprojects.readonly","https://www.googleapis.com/auth/firebase","https://www.googleapis.com/auth/cloud-platform"]
[debug] [2020-02-21T22:59:22.873Z] > authorizing via signed-in user
[info] 
     ######## #### ########  ######## ########     ###     ######  ########
     ##        ##  ##     ## ##       ##     ##  ##   ##  ##       ##
     ######    ##  ########  ######   ########  #########  ######  ######
     ##        ##  ##    ##  ##       ##     ## ##     ##       ## ##
     ##       #### ##     ## ######## ########  ##     ##  ######  ########

You're about to initialize a Firebase project in this directory:

  C:\Users\Ishhh\Desktop\KYH\firebaseProject

[info] 
=== Project Setup
[info] 
[info] First, let's associate this project directory with a Firebase project.
[info] You can create multiple project aliases by running firebase use --add, 
[info] but for now we'll just set up a default project.
[info] 
[debug] [2020-02-21T23:00:44.135Z] > refreshing access token with scopes: ["email","https://www.googleapis.com/auth/cloud-platform","https://www.googleapis.com/auth/cloudplatformprojects.readonly","https://www.googleapis.com/auth/firebase","openid"]
[debug] [2020-02-21T23:00:44.135Z] >>> HTTP REQUEST POST https://www.googleapis.com/oauth2/v3/token  
 <request body omitted>
[debug] [2020-02-21T23:00:44.473Z] <<< HTTP RESPONSE 200
[debug] [2020-02-21T23:00:44.860Z] >>> HTTP REQUEST GET https://firebase.googleapis.com/v1beta1/projects?pageSize=100  
 
[debug] [2020-02-21T23:00:45.071Z] <<< HTTP RESPONSE 200
[info] i  Using project tp2melon-42643 (TP2Melon)
[info] 
=== Database Setup
[info] 
[info] Firebase Realtime Database Rules allow you to define how your data should be
[info] structured and when your data can be read from and written to.
[info] 
[debug] [2020-02-21T23:01:32.195Z] >>> HTTP REQUEST GET https://tp2melon-42643.firebaseio.com/.settings/rules.json  
 
[debug] [2020-02-21T23:01:33.189Z] <<< HTTP RESPONSE 200
[debug] [2020-02-21T23:01:33.250Z] Error: EISDIR: illegal operation on a directory, open 'C:\Users\Ishhh\Desktop\KYH\firebaseProject'
    at Object.openSync (fs.js:440:3)
    at Object.writeFileSync (fs.js:1265:35)
    at Config.writeProjectFile (C:\Users\Ishhh\AppData\Roaming\npm\node_modules\firebase-tools\lib\config.js:179:8)
    at C:\Users\Ishhh\AppData\Roaming\npm\node_modules\firebase-tools\lib\init\features\database.js:25:23
    at processTicksAndRejections (internal/process/task_queues.js:93:5)
[error] 
[error] Error: An unexpected error has occurred.
